{
  "RSpec": {
    "coverage": {
      "/home/italo/projetos/gitlab/campus-code/rental-api/app/models/manufacturer.rb": {
        "lines": [
          1,
          1,
          null,
          1,
          8,
          8,
          null,
          null,
          null,
          1,
          3,
          3,
          null,
          3,
          null,
          3,
          null,
          3,
          3,
          7,
          null,
          null,
          3,
          null,
          null,
          1,
          1,
          1,
          null,
          1,
          null,
          1,
          null,
          1,
          null,
          null,
          null,
          null
        ]
      },
      "/home/italo/projetos/gitlab/campus-code/rental-api/app/controllers/home_controller.rb": {
        "lines": [
          1,
          1,
          null
        ]
      },
      "/home/italo/projetos/gitlab/campus-code/rental-api/app/controllers/manufacturers_controller.rb": {
        "lines": [
          1,
          1,
          2,
          null,
          null,
          1,
          1,
          null,
          null
        ]
      }
    },
    "timestamp": 1581901096
  }
}
