{
  "RSpec": {
    "coverage": {
      "/home/italo/projetos/gitlab/campus-code/rental-api/app/models/user.rb": {
        "lines": [
          1,
          null,
          null,
          1,
          null,
          null
        ]
      },
      "/home/italo/projetos/gitlab/campus-code/rental-api/app/models/car_category.rb": {
        "lines": [
          1,
          1,
          null,
          1,
          8,
          8,
          8,
          8,
          8,
          null,
          null,
          null,
          1,
          3,
          3,
          null,
          3,
          null,
          3,
          null,
          3,
          3,
          7,
          null,
          null,
          3,
          null,
          null,
          1,
          1,
          1,
          null,
          1,
          null,
          1,
          null,
          1,
          null,
          null,
          null,
          null
        ]
      },
      "/home/italo/projetos/gitlab/campus-code/rental-api/app/models/car_model.rb": {
        "lines": [
          1,
          1,
          null,
          1,
          5,
          5,
          5,
          5,
          5,
          5,
          5,
          null,
          null,
          null,
          1,
          3,
          3,
          null,
          3,
          null,
          3,
          null,
          3,
          3,
          4,
          null,
          null,
          3,
          null,
          null,
          1,
          1,
          1,
          null,
          1,
          null,
          1,
          null,
          1,
          null,
          null,
          null
        ]
      },
      "/home/italo/projetos/gitlab/campus-code/rental-api/app/models/car.rb": {
        "lines": [
          1,
          1,
          null,
          1,
          5,
          5,
          5,
          5,
          5,
          5,
          5,
          null,
          null,
          null,
          1,
          3,
          3,
          null,
          3,
          null,
          3,
          null,
          3,
          3,
          4,
          null,
          null,
          3,
          null,
          null,
          1,
          1,
          1,
          null,
          1,
          null,
          1,
          null,
          1,
          null,
          null,
          null,
          null
        ]
      },
      "/home/italo/projetos/gitlab/campus-code/rental-api/app/models/manufacturer.rb": {
        "lines": [
          1,
          1,
          null,
          1,
          10,
          10,
          null,
          null,
          null,
          1,
          3,
          3,
          null,
          3,
          null,
          3,
          null,
          3,
          3,
          9,
          null,
          null,
          3,
          null,
          null,
          1,
          1,
          1,
          null,
          1,
          null,
          1,
          null,
          1,
          null,
          null,
          null,
          null
        ]
      },
      "/home/italo/projetos/gitlab/campus-code/rental-api/app/models/subsidiary.rb": {
        "lines": [
          1,
          1,
          null,
          1,
          8,
          8,
          8,
          8,
          null,
          null,
          null,
          1,
          3,
          3,
          null,
          3,
          null,
          3,
          null,
          3,
          3,
          7,
          null,
          null,
          3,
          null,
          null,
          1,
          1,
          1,
          null,
          1,
          null,
          1,
          null,
          1,
          null,
          null,
          null,
          null
        ]
      },
      "/home/italo/projetos/gitlab/campus-code/rental-api/app/controllers/home_controller.rb": {
        "lines": [
          1,
          1,
          null
        ]
      },
      "/home/italo/projetos/gitlab/campus-code/rental-api/app/controllers/cars_controller.rb": {
        "lines": [
          1,
          1,
          2,
          null,
          null,
          1,
          1,
          null,
          null
        ]
      },
      "/home/italo/projetos/gitlab/campus-code/rental-api/app/controllers/car_categories_controller.rb": {
        "lines": [
          1,
          1,
          2,
          null,
          null,
          1,
          1,
          null,
          null
        ]
      },
      "/home/italo/projetos/gitlab/campus-code/rental-api/app/controllers/car_models_controller.rb": {
        "lines": [
          1,
          1,
          2,
          null,
          null,
          1,
          1,
          null,
          null
        ]
      },
      "/home/italo/projetos/gitlab/campus-code/rental-api/app/controllers/manufacturers_controller.rb": {
        "lines": [
          1,
          1,
          2,
          null,
          null,
          1,
          1,
          null,
          null
        ]
      },
      "/home/italo/projetos/gitlab/campus-code/rental-api/app/controllers/subsidiaries_controller.rb": {
        "lines": [
          1,
          1,
          2,
          null,
          null,
          1,
          1,
          null,
          null
        ]
      }
    },
    "timestamp": 1581920793
  }
}
